composeApp/build/intermediates/manifest_merge_blame_file/release/processReleaseMainManifest/manifest-merger-blame-release-report.txt
1<?xml version="1.0" encoding="utf-8"?>
2<manifest xmlns:android="http://schemas.android.com/apk/res/android"
3    package="org.example.weathercrossplatform"
4    android:versionCode="2"
5    android:versionName="1.1" >
6
7    <uses-sdk
8        android:minSdkVersion="24"
9        android:targetSdkVersion="36" />
10
11    <uses-permission android:name="android.permission.INTERNET" />
11-->src/androidMain/AndroidManifest.xml:4:5-67
11-->src/androidMain/AndroidManifest.xml:4:22-64
12    <uses-permission android:name="android.permission.ACCESS_COARSE_LOCATION" />
12-->src/androidMain/AndroidManifest.xml:5:5-81
12-->src/androidMain/AndroidManifest.xml:5:22-78
13    <uses-permission android:name="android.permission.ACCESS_FINE_LOCATION" />
13-->src/androidMain/AndroidManifest.xml:6:5-79
13-->src/androidMain/AndroidManifest.xml:6:22-76
14    <uses-permission android:name="android.permission.ACCESS_NETWORK_STATE" />
14-->[com.google.firebase:firebase-installations:18.0.0] AndroidManifest.xml:7:5-79
14-->[com.google.firebase:firebase-installations:18.0.0] AndroidManifest.xml:7:22-76
15
16    <permission
16-->[androidx.core:core:1.15.0] AndroidManifest.xml:22:5-24:47
17        android:name="org.example.weathercrossplatform.DYNAMIC_RECEIVER_NOT_EXPORTED_PERMISSION"
17-->[androidx.core:core:1.15.0] AndroidManifest.xml:23:9-81
18        android:protectionLevel="signature" />
18-->[androidx.core:core:1.15.0] AndroidManifest.xml:24:9-44
19
20    <uses-permission android:name="org.example.weathercrossplatform.DYNAMIC_RECEIVER_NOT_EXPORTED_PERMISSION" />
20-->[androidx.core:core:1.15.0] AndroidManifest.xml:26:5-97
20-->[androidx.core:core:1.15.0] AndroidManifest.xml:26:22-94
21
22    <application
22-->src/androidMain/AndroidManifest.xml:8:5-26:19
23        android:name="org.example.weathercrossplatform.MyApp"
23-->src/androidMain/AndroidManifest.xml:9:9-30
24        android:allowBackup="true"
24-->src/androidMain/AndroidManifest.xml:10:9-35
25        android:appComponentFactory="androidx.core.app.CoreComponentFactory"
25-->[androidx.core:core:1.15.0] AndroidManifest.xml:28:18-86
26        android:extractNativeLibs="false"
27        android:icon="@mipmap/ic_launcher"
27-->src/androidMain/AndroidManifest.xml:11:9-43
28        android:label="@string/app_name"
28-->src/androidMain/AndroidManifest.xml:12:9-41
29        android:roundIcon="@mipmap/ic_launcher_round"
29-->src/androidMain/AndroidManifest.xml:13:9-54
30        android:supportsRtl="true"
30-->src/androidMain/AndroidManifest.xml:14:9-35
31        android:theme="@android:style/Theme.Material.Light.NoActionBar" >
31-->src/androidMain/AndroidManifest.xml:15:9-72
32        <activity
32-->src/androidMain/AndroidManifest.xml:16:9-25:20
33            android:name="org.example.weathercrossplatform.MainActivity"
33-->src/androidMain/AndroidManifest.xml:17:13-41
34            android:configChanges="orientation|screenSize|screenLayout|keyboardHidden|mnc|colorMode|density|fontScale|fontWeightAdjustment|keyboard|layoutDirection|locale|mcc|navigation|smallestScreenSize|touchscreen|uiMode"
34-->src/androidMain/AndroidManifest.xml:18:13-225
35            android:exported="true" >
35-->src/androidMain/AndroidManifest.xml:19:13-36
36            <intent-filter>
36-->src/androidMain/AndroidManifest.xml:20:13-24:29
37                <action android:name="android.intent.action.MAIN" />
37-->src/androidMain/AndroidManifest.xml:21:17-69
37-->src/androidMain/AndroidManifest.xml:21:25-66
38
39                <category android:name="android.intent.category.LAUNCHER" />
39-->src/androidMain/AndroidManifest.xml:23:17-77
39-->src/androidMain/AndroidManifest.xml:23:27-74
40            </intent-filter>
41        </activity>
42        <activity
42-->[com.google.android.gms:play-services-base:18.5.0] AndroidManifest.xml:5:9-173
43            android:name="com.google.android.gms.common.api.GoogleApiActivity"
43-->[com.google.android.gms:play-services-base:18.5.0] AndroidManifest.xml:5:19-85
44            android:exported="false"
44-->[com.google.android.gms:play-services-base:18.5.0] AndroidManifest.xml:5:146-170
45            android:theme="@android:style/Theme.Translucent.NoTitleBar" />
45-->[com.google.android.gms:play-services-base:18.5.0] AndroidManifest.xml:5:86-145
46
47        <service
47-->[com.google.firebase:firebase-crashlytics-ktx:19.0.3] AndroidManifest.xml:21:9-27:19
48            android:name="com.google.firebase.components.ComponentDiscoveryService"
48-->[com.google.firebase:firebase-crashlytics-ktx:19.0.3] AndroidManifest.xml:22:13-84
49            android:directBootAware="true"
49-->[com.google.firebase:firebase-common:21.0.0] AndroidManifest.xml:32:13-43
50            android:exported="false" >
50-->[com.google.firebase:firebase-crashlytics-ktx:19.0.3] AndroidManifest.xml:23:13-37
51            <meta-data
51-->[com.google.firebase:firebase-crashlytics-ktx:19.0.3] AndroidManifest.xml:24:13-26:85
52                android:name="com.google.firebase.components:com.google.firebase.crashlytics.ktx.FirebaseCrashlyticsKtxRegistrar"
52-->[com.google.firebase:firebase-crashlytics-ktx:19.0.3] AndroidManifest.xml:25:17-130
53                android:value="com.google.firebase.components.ComponentRegistrar" />
53-->[com.google.firebase:firebase-crashlytics-ktx:19.0.3] AndroidManifest.xml:26:17-82
54            <meta-data
54-->[com.google.firebase:firebase-crashlytics:19.0.3] AndroidManifest.xml:15:13-17:85
55                android:name="com.google.firebase.components:com.google.firebase.crashlytics.FirebaseCrashlyticsKtxRegistrar"
55-->[com.google.firebase:firebase-crashlytics:19.0.3] AndroidManifest.xml:16:17-126
56                android:value="com.google.firebase.components.ComponentRegistrar" />
56-->[com.google.firebase:firebase-crashlytics:19.0.3] AndroidManifest.xml:17:17-82
57            <meta-data
57-->[com.google.firebase:firebase-crashlytics:19.0.3] AndroidManifest.xml:18:13-20:85
58                android:name="com.google.firebase.components:com.google.firebase.crashlytics.CrashlyticsRegistrar"
58-->[com.google.firebase:firebase-crashlytics:19.0.3] AndroidManifest.xml:19:17-115
59                android:value="com.google.firebase.components.ComponentRegistrar" />
59-->[com.google.firebase:firebase-crashlytics:19.0.3] AndroidManifest.xml:20:17-82
60            <meta-data
60-->[com.google.firebase:firebase-sessions:2.0.3] AndroidManifest.xml:29:13-31:85
61                android:name="com.google.firebase.components:com.google.firebase.sessions.FirebaseSessionsRegistrar"
61-->[com.google.firebase:firebase-sessions:2.0.3] AndroidManifest.xml:30:17-117
62                android:value="com.google.firebase.components.ComponentRegistrar" />
62-->[com.google.firebase:firebase-sessions:2.0.3] AndroidManifest.xml:31:17-82
63            <meta-data
63-->[com.google.firebase:firebase-installations:18.0.0] AndroidManifest.xml:15:13-17:85
64                android:name="com.google.firebase.components:com.google.firebase.installations.FirebaseInstallationsKtxRegistrar"
64-->[com.google.firebase:firebase-installations:18.0.0] AndroidManifest.xml:16:17-130
65                android:value="com.google.firebase.components.ComponentRegistrar" />
65-->[com.google.firebase:firebase-installations:18.0.0] AndroidManifest.xml:17:17-82
66            <meta-data
66-->[com.google.firebase:firebase-installations:18.0.0] AndroidManifest.xml:18:13-20:85
67                android:name="com.google.firebase.components:com.google.firebase.installations.FirebaseInstallationsRegistrar"
67-->[com.google.firebase:firebase-installations:18.0.0] AndroidManifest.xml:19:17-127
68                android:value="com.google.firebase.components.ComponentRegistrar" />
68-->[com.google.firebase:firebase-installations:18.0.0] AndroidManifest.xml:20:17-82
69            <meta-data
69-->[com.google.firebase:firebase-common-ktx:21.0.0] AndroidManifest.xml:12:13-14:85
70                android:name="com.google.firebase.components:com.google.firebase.ktx.FirebaseCommonLegacyRegistrar"
70-->[com.google.firebase:firebase-common-ktx:21.0.0] AndroidManifest.xml:13:17-116
71                android:value="com.google.firebase.components.ComponentRegistrar" />
71-->[com.google.firebase:firebase-common-ktx:21.0.0] AndroidManifest.xml:14:17-82
72            <meta-data
72-->[com.google.firebase:firebase-common:21.0.0] AndroidManifest.xml:35:13-37:85
73                android:name="com.google.firebase.components:com.google.firebase.FirebaseCommonKtxRegistrar"
73-->[com.google.firebase:firebase-common:21.0.0] AndroidManifest.xml:36:17-109
74                android:value="com.google.firebase.components.ComponentRegistrar" />
74-->[com.google.firebase:firebase-common:21.0.0] AndroidManifest.xml:37:17-82
75            <meta-data
75-->[com.google.firebase:firebase-datatransport:19.0.0] AndroidManifest.xml:25:13-27:85
76                android:name="com.google.firebase.components:com.google.firebase.datatransport.TransportRegistrar"
76-->[com.google.firebase:firebase-datatransport:19.0.0] AndroidManifest.xml:26:17-115
77                android:value="com.google.firebase.components.ComponentRegistrar" />
77-->[com.google.firebase:firebase-datatransport:19.0.0] AndroidManifest.xml:27:17-82
78        </service>
79        <service
79-->[com.google.firebase:firebase-sessions:2.0.3] AndroidManifest.xml:22:9-25:40
80            android:name="com.google.firebase.sessions.SessionLifecycleService"
80-->[com.google.firebase:firebase-sessions:2.0.3] AndroidManifest.xml:23:13-80
81            android:enabled="true"
81-->[com.google.firebase:firebase-sessions:2.0.3] AndroidManifest.xml:24:13-35
82            android:exported="false" />
82-->[com.google.firebase:firebase-sessions:2.0.3] AndroidManifest.xml:25:13-37
83
84        <provider
84-->[com.google.firebase:firebase-common:21.0.0] AndroidManifest.xml:23:9-28:39
85            android:name="com.google.firebase.provider.FirebaseInitProvider"
85-->[com.google.firebase:firebase-common:21.0.0] AndroidManifest.xml:24:13-77
86            android:authorities="org.example.weathercrossplatform.firebaseinitprovider"
86-->[com.google.firebase:firebase-common:21.0.0] AndroidManifest.xml:25:13-72
87            android:directBootAware="true"
87-->[com.google.firebase:firebase-common:21.0.0] AndroidManifest.xml:26:13-43
88            android:exported="false"
88-->[com.google.firebase:firebase-common:21.0.0] AndroidManifest.xml:27:13-37
89            android:initOrder="100" />
89-->[com.google.firebase:firebase-common:21.0.0] AndroidManifest.xml:28:13-36
90        <provider
90-->[org.jetbrains.compose.components:components-resources-android:1.8.2] AndroidManifest.xml:8:9-13:20
91            android:name="org.jetbrains.compose.resources.AndroidContextProvider"
91-->[org.jetbrains.compose.components:components-resources-android:1.8.2] AndroidManifest.xml:9:13-82
92            android:authorities="org.example.weathercrossplatform.resources.AndroidContextProvider"
92-->[org.jetbrains.compose.components:components-resources-android:1.8.2] AndroidManifest.xml:10:13-84
93            android:enabled="true"
93-->[org.jetbrains.compose.components:components-resources-android:1.8.2] AndroidManifest.xml:11:13-35
94            android:exported="false" >
94-->[org.jetbrains.compose.components:components-resources-android:1.8.2] AndroidManifest.xml:12:13-37
95        </provider>
96
97        <service
97-->[androidx.room:room-runtime-android:2.7.2] AndroidManifest.xml:24:9-28:63
98            android:name="androidx.room.MultiInstanceInvalidationService"
98-->[androidx.room:room-runtime-android:2.7.2] AndroidManifest.xml:25:13-74
99            android:directBootAware="true"
99-->[androidx.room:room-runtime-android:2.7.2] AndroidManifest.xml:26:13-43
100            android:exported="false" />
100-->[androidx.room:room-runtime-android:2.7.2] AndroidManifest.xml:27:13-37
101
102        <provider
102-->[androidx.emoji2:emoji2:1.4.0] AndroidManifest.xml:24:9-32:20
103            android:name="androidx.startup.InitializationProvider"
103-->[androidx.emoji2:emoji2:1.4.0] AndroidManifest.xml:25:13-67
104            android:authorities="org.example.weathercrossplatform.androidx-startup"
104-->[androidx.emoji2:emoji2:1.4.0] AndroidManifest.xml:26:13-68
105            android:exported="false" >
105-->[androidx.emoji2:emoji2:1.4.0] AndroidManifest.xml:27:13-37
106            <meta-data
106-->[androidx.emoji2:emoji2:1.4.0] AndroidManifest.xml:29:13-31:52
107                android:name="androidx.emoji2.text.EmojiCompatInitializer"
107-->[androidx.emoji2:emoji2:1.4.0] AndroidManifest.xml:30:17-75
108                android:value="androidx.startup" />
108-->[androidx.emoji2:emoji2:1.4.0] AndroidManifest.xml:31:17-49
109            <meta-data
109-->[androidx.lifecycle:lifecycle-process:2.9.1] AndroidManifest.xml:29:13-31:52
110                android:name="androidx.lifecycle.ProcessLifecycleInitializer"
110-->[androidx.lifecycle:lifecycle-process:2.9.1] AndroidManifest.xml:30:17-78
111                android:value="androidx.startup" />
111-->[androidx.lifecycle:lifecycle-process:2.9.1] AndroidManifest.xml:31:17-49
112            <meta-data
112-->[androidx.profileinstaller:profileinstaller:1.4.1] AndroidManifest.xml:29:13-31:52
113                android:name="androidx.profileinstaller.ProfileInstallerInitializer"
113-->[androidx.profileinstaller:profileinstaller:1.4.1] AndroidManifest.xml:30:17-85
114                android:value="androidx.startup" />
114-->[androidx.profileinstaller:profileinstaller:1.4.1] AndroidManifest.xml:31:17-49
115        </provider>
116
117        <meta-data
117-->[com.google.android.gms:play-services-basement:18.4.0] AndroidManifest.xml:6:9-122
118            android:name="com.google.android.gms.version"
118-->[com.google.android.gms:play-services-basement:18.4.0] AndroidManifest.xml:6:20-65
119            android:value="@integer/google_play_services_version" />
119-->[com.google.android.gms:play-services-basement:18.4.0] AndroidManifest.xml:6:66-119
120
121        <service
121-->[com.google.android.datatransport:transport-backend-cct:3.3.0] AndroidManifest.xml:26:9-32:19
122            android:name="com.google.android.datatransport.runtime.backends.TransportBackendDiscovery"
122-->[com.google.android.datatransport:transport-backend-cct:3.3.0] AndroidManifest.xml:27:13-103
123            android:exported="false" >
123-->[com.google.android.datatransport:transport-backend-cct:3.3.0] AndroidManifest.xml:28:13-37
124            <meta-data
124-->[com.google.android.datatransport:transport-backend-cct:3.3.0] AndroidManifest.xml:29:13-31:39
125                android:name="backend:com.google.android.datatransport.cct.CctBackendFactory"
125-->[com.google.android.datatransport:transport-backend-cct:3.3.0] AndroidManifest.xml:30:17-94
126                android:value="cct" />
126-->[com.google.android.datatransport:transport-backend-cct:3.3.0] AndroidManifest.xml:31:17-36
127        </service>
128
129        <receiver
129-->[androidx.profileinstaller:profileinstaller:1.4.1] AndroidManifest.xml:34:9-52:20
130            android:name="androidx.profileinstaller.ProfileInstallReceiver"
130-->[androidx.profileinstaller:profileinstaller:1.4.1] AndroidManifest.xml:35:13-76
131            android:directBootAware="false"
131-->[androidx.profileinstaller:profileinstaller:1.4.1] AndroidManifest.xml:36:13-44
132            android:enabled="true"
132-->[androidx.profileinstaller:profileinstaller:1.4.1] AndroidManifest.xml:37:13-35
133            android:exported="true"
133-->[androidx.profileinstaller:profileinstaller:1.4.1] AndroidManifest.xml:38:13-36
134            android:permission="android.permission.DUMP" >
134-->[androidx.profileinstaller:profileinstaller:1.4.1] AndroidManifest.xml:39:13-57
135            <intent-filter>
135-->[androidx.profileinstaller:profileinstaller:1.4.1] AndroidManifest.xml:40:13-42:29
136                <action android:name="androidx.profileinstaller.action.INSTALL_PROFILE" />
136-->[androidx.profileinstaller:profileinstaller:1.4.1] AndroidManifest.xml:41:17-91
136-->[androidx.profileinstaller:profileinstaller:1.4.1] AndroidManifest.xml:41:25-88
137            </intent-filter>
138            <intent-filter>
138-->[androidx.profileinstaller:profileinstaller:1.4.1] AndroidManifest.xml:43:13-45:29
139                <action android:name="androidx.profileinstaller.action.SKIP_FILE" />
139-->[androidx.profileinstaller:profileinstaller:1.4.1] AndroidManifest.xml:44:17-85
139-->[androidx.profileinstaller:profileinstaller:1.4.1] AndroidManifest.xml:44:25-82
140            </intent-filter>
141            <intent-filter>
141-->[androidx.profileinstaller:profileinstaller:1.4.1] AndroidManifest.xml:46:13-48:29
142                <action android:name="androidx.profileinstaller.action.SAVE_PROFILE" />
142-->[androidx.profileinstaller:profileinstaller:1.4.1] AndroidManifest.xml:47:17-88
142-->[androidx.profileinstaller:profileinstaller:1.4.1] AndroidManifest.xml:47:25-85
143            </intent-filter>
144            <intent-filter>
144-->[androidx.profileinstaller:profileinstaller:1.4.1] AndroidManifest.xml:49:13-51:29
145                <action android:name="androidx.profileinstaller.action.BENCHMARK_OPERATION" />
145-->[androidx.profileinstaller:profileinstaller:1.4.1] AndroidManifest.xml:50:17-95
145-->[androidx.profileinstaller:profileinstaller:1.4.1] AndroidManifest.xml:50:25-92
146            </intent-filter>
147        </receiver>
148
149        <service
149-->[com.google.android.datatransport:transport-runtime:3.3.0] AndroidManifest.xml:24:9-28:19
150            android:name="com.google.android.datatransport.runtime.scheduling.jobscheduling.JobInfoSchedulerService"
150-->[com.google.android.datatransport:transport-runtime:3.3.0] AndroidManifest.xml:25:13-117
151            android:exported="false"
151-->[com.google.android.datatransport:transport-runtime:3.3.0] AndroidManifest.xml:26:13-37
152            android:permission="android.permission.BIND_JOB_SERVICE" >
152-->[com.google.android.datatransport:transport-runtime:3.3.0] AndroidManifest.xml:27:13-69
153        </service>
154
155        <receiver
155-->[com.google.android.datatransport:transport-runtime:3.3.0] AndroidManifest.xml:30:9-32:40
156            android:name="com.google.android.datatransport.runtime.scheduling.jobscheduling.AlarmManagerSchedulerBroadcastReceiver"
156-->[com.google.android.datatransport:transport-runtime:3.3.0] AndroidManifest.xml:31:13-132
157            android:exported="false" />
157-->[com.google.android.datatransport:transport-runtime:3.3.0] AndroidManifest.xml:32:13-37
158    </application>
159
160</manifest>